C:\Program Files (x86)\Microsoft Visual Studio\2019\Community\MSBuild\Microsoft\VC\v160\Microsoft.CppBuild.targets(513,5): warning MSB8028: El directorio intermedio (Debug\) contiene archivos compartidos de otro proyecto (Project_9_Solution.vcxproj). Esto puede dar lugar a un comportamiento incorrecto de limpieza y recompilación.
  Application.cpp
C:\Users\lluis\Desktop\Project1-NosusStudio\Tetris\Tetris\Source\Animation.h(54,19): warning C4244: 'inicializando': conversión de 'const float' a 'int'; posible pérdida de datos
C:\Users\lluis\Desktop\Project1-NosusStudio\Tetris\Tetris\Source\Animation.h(56,30): warning C4244: '=': conversión de 'float' a 'int'; posible pérdida de datos
  Globals.cpp
  ModuleAudio.cpp
  ModuleFadeToBlack.cpp
C:\Users\lluis\Desktop\Project1-NosusStudio\Tetris\Tetris\Source\ModuleFadeToBlack.cpp(78,19): warning C4244: '=': conversión de 'float' a 'Uint32'; posible pérdida de datos
  ModuleFonts.cpp
  SceneIntro.cpp
C:\Users\lluis\Desktop\Project1-NosusStudio\Tetris\Tetris\Source\Animation.h(54,19): warning C4244: 'inicializando': conversión de 'const float' a 'int'; posible pérdida de datos
C:\Users\lluis\Desktop\Project1-NosusStudio\Tetris\Tetris\Source\Animation.h(56,30): warning C4244: '=': conversión de 'float' a 'int'; posible pérdida de datos
  SceneLevel1.cpp
C:\Users\lluis\Desktop\Project1-NosusStudio\Tetris\Tetris\Source\Animation.h(54,19): warning C4244: 'inicializando': conversión de 'const float' a 'int'; posible pérdida de datos
C:\Users\lluis\Desktop\Project1-NosusStudio\Tetris\Tetris\Source\Animation.h(56,30): warning C4244: '=': conversión de 'float' a 'int'; posible pérdida de datos
  ModuleInput.cpp
  ModulePlayer.cpp
C:\Users\lluis\Desktop\Project1-NosusStudio\Tetris\Tetris\Source\Animation.h(54,19): warning C4244: 'inicializando': conversión de 'const float' a 'int'; posible pérdida de datos
C:\Users\lluis\Desktop\Project1-NosusStudio\Tetris\Tetris\Source\Animation.h(56,30): warning C4244: '=': conversión de 'float' a 'int'; posible pérdida de datos
  ModuleRender.cpp
C:\Users\lluis\Desktop\Project1-NosusStudio\Tetris\Tetris\Source\ModuleRender.cpp(89,34): warning C4244: '-=': conversión de 'float' a 'int'; posible pérdida de datos
C:\Users\lluis\Desktop\Project1-NosusStudio\Tetris\Tetris\Source\ModuleRender.cpp(90,34): warning C4244: '-=': conversión de 'float' a 'int'; posible pérdida de datos
C:\Users\lluis\Desktop\Project1-NosusStudio\Tetris\Tetris\Source\ModuleRender.cpp(127,34): warning C4244: '-=': conversión de 'float' a 'int'; posible pérdida de datos
C:\Users\lluis\Desktop\Project1-NosusStudio\Tetris\Tetris\Source\ModuleRender.cpp(128,34): warning C4244: '-=': conversión de 'float' a 'int'; posible pérdida de datos
  ModuleTextures.cpp
  ModuleWindow.cpp
  Main.cpp
  Module.cpp
  Generando código...
  Tetris.vcxproj -> C:\Users\lluis\Desktop\Project1-NosusStudio\Tetris\Debug\Tetris.exe
